SOURCE: 
if (.anova$df2 == Inf) {
    attr(.anova, "titles") <- list(test = letter_chi2, df1 = "df")
    attr(.params, "titles") <- list(test = "z")
}
CALLER: 
<quosure>
expr: ^procedure.simpleEffects(self$model, self)
env:  0x0000029713405330
ERROR: 
the condition has length > 1 
SOURCE: 
private$.estimateSimpleEffects()
CALLER: 
<quosure>
expr: ^private$.estimator[[fun]]()
env:  0x0000029713408908
ERROR: 
the condition has length > 1 
SOURCE: 
if (.anova$df2 == Inf) {
    attr(.anova, "titles") <- list(test = letter_chi2, df1 = "df")
    attr(.params, "titles") <- list(test = "z")
}
CALLER: 
<quosure>
expr: ^procedure.simpleEffects(self$model, self)
env:  0x0000029711b3c5b8
ERROR: 
the condition has length > 1 
SOURCE: 
private$.estimateSimpleEffects()
CALLER: 
<quosure>
expr: ^private$.estimator[[fun]]()
env:  0x0000029711b36470
ERROR: 
the condition has length > 1 
 ..b_b_b..XZmVtYWxl emmean    SE  df lower.CL upper.CL
               -0.5   9.97 0.640 895     8.72     11.2
                0.0  10.00 0.452 895     9.12     10.9
                0.5  10.04 0.640 895     8.78     11.3

Confidence level used: 0.95 
SOURCE: 
if (.anova$df2 == Inf) {
    attr(.anova, "titles") <- list(test = letter_chi2, df1 = "df")
    attr(.params, "titles") <- list(test = "z")
}
CALLER: 
<quosure>
expr: ^procedure.simpleEffects(self$model, self)
env:  0x0000025393101008
ERROR: 
the condition has length > 1 
SOURCE: 
private$.estimateSimpleEffects()
CALLER: 
<quosure>
expr: ^private$.estimator[[fun]]()
env:  0x000002539310e668
ERROR: 
the condition has length > 1 
SOURCE: 
if (.anova$df2 == Inf) {
    attr(.anova, "titles") <- list(test = letter_chi2, df1 = "df")
    attr(.params, "titles") <- list(test = "z")
}
CALLER: 
<quosure>
expr: ^procedure.simpleEffects(self$model, self)
env:  0x0000025391a91798
ERROR: 
the condition has length > 1 
SOURCE: 
private$.estimateSimpleEffects()
CALLER: 
<quosure>
expr: ^private$.estimator[[fun]]()
env:  0x0000025391a940f8
ERROR: 
the condition has length > 1 
 ..b_b_b..XZmVtYWxl emmean    SE  df lower.CL upper.CL
               -0.5   9.97 0.640 895     8.72     11.2
                0.0  10.00 0.452 895     9.12     10.9
                0.5  10.04 0.640 895     8.78     11.3

Confidence level used: 0.95 
SOURCE: 
if (.anova$df2 == Inf) {
    attr(.anova, "titles") <- list(test = letter_chi2, df1 = "df")
    attr(.params, "titles") <- list(test = "z")
}
CALLER: 
<quosure>
expr: ^procedure.simpleEffects(self$model, self)
env:  0x00000253afb1d568
ERROR: 
the condition has length > 1 
SOURCE: 
private$.estimateSimpleEffects()
CALLER: 
<quosure>
expr: ^private$.estimator[[fun]]()
env:  0x00000253afb080c8
ERROR: 
the condition has length > 1 
SOURCE: 
if (.anova$df2 == Inf) {
    attr(.anova, "titles") <- list(test = letter_chi2, df1 = "df")
    attr(.params, "titles") <- list(test = "z")
}
CALLER: 
<quosure>
expr: ^procedure.simpleEffects(self$model, self)
env:  0x00000253b0a2b320
ERROR: 
the condition has length > 1 
SOURCE: 
private$.estimateSimpleEffects()
CALLER: 
<quosure>
expr: ^private$.estimator[[fun]]()
env:  0x00000253b0a0d310
ERROR: 
the condition has length > 1 
 ..b_b_b..XZWZmb3J0 estimate    SE  df lower.CL upper.CL t.ratio p.value
              -5.14     0.27 1.351 895   -2.384     2.92   0.200  0.8430
               0.00     2.29 0.916 895    0.495     4.09   2.500  0.0120
               5.14     4.32 1.311 895    1.745     6.89   3.290  0.0010

Results are averaged over the levels of: ..b_b_b..XZmVtYWxl 
Confidence level used: 0.95 
SOURCE: 
if (.anova$df2 == Inf) {
    attr(.anova, "titles") <- list(test = letter_chi2, df1 = "df")
    attr(.params, "titles") <- list(test = "z")
}
CALLER: 
<quosure>
expr: ^procedure.simpleEffects(self$model, self)
env:  0x000001c61af0fc28
ERROR: 
the condition has length > 1 
SOURCE: 
private$.estimateSimpleEffects()
CALLER: 
<quosure>
expr: ^private$.estimator[[fun]]()
env:  0x000001c61af210a8
ERROR: 
the condition has length > 1 
 ..b_b_b..XZWZmb3J0 estimate    SE  df lower.CL upper.CL t.ratio p.value
              -5.14     0.27 1.351 895   -2.384     2.92   0.200  0.8430
               0.00     2.29 0.916 895    0.495     4.09   2.500  0.0120
               5.14     4.32 1.311 895    1.745     6.89   3.290  0.0010

Results are averaged over the levels of: ..b_b_b..XZmVtYWxl 
Confidence level used: 0.95 
SOURCE: 
if (.anova$df2 == Inf) {
    attr(.anova, "titles") <- list(test = letter_chi2, df1 = "df")
    attr(.params, "titles") <- list(test = "z")
}
CALLER: 
<quosure>
expr: ^procedure.simpleEffects(self$model, self)
env:  0x000001c61958b100
ERROR: 
the condition has length > 1 
SOURCE: 
private$.estimateSimpleEffects()
CALLER: 
<quosure>
expr: ^private$.estimator[[fun]]()
env:  0x000001c619580fd0
ERROR: 
the condition has length > 1 
################## 
 ..b_b_b..XZWZmb3J0 estimate    SE  df lower.CL upper.CL t.ratio p.value
              -5.14     0.27 1.351 895   -2.384     2.92   0.200  0.8430
               0.00     2.29 0.916 895    0.495     4.09   2.500  0.0120
               5.14     4.32 1.311 895    1.745     6.89   3.290  0.0010

Results are averaged over the levels of: ..b_b_b..XZmVtYWxl 
Confidence level used: 0.95 
SOURCE: 
if (.anova$df2 == Inf) {
    attr(.anova, "titles") <- list(test = letter_chi2, df1 = "df")
    attr(.params, "titles") <- list(test = "z")
}
CALLER: 
<quosure>
expr: ^procedure.simpleEffects(self$model, self)
env:  0x00000149184a3f58
ERROR: 
the condition has length > 1 
SOURCE: 
private$.estimateSimpleEffects()
CALLER: 
<quosure>
expr: ^private$.estimator[[fun]]()
env:  0x00000149184b55d8
ERROR: 
the condition has length > 1 
################## 
 ..b_b_b..XZWZmb3J0 estimate    SE  df lower.CL upper.CL t.ratio p.value
              -5.14     0.27 1.351 895   -2.384     2.92   0.200  0.8430
               0.00     2.29 0.916 895    0.495     4.09   2.500  0.0120
               5.14     4.32 1.311 895    1.745     6.89   3.290  0.0010

Results are averaged over the levels of: ..b_b_b..XZmVtYWxl 
Confidence level used: 0.95 
SOURCE: 
if (.anova$df2 == Inf) {
    attr(.anova, "titles") <- list(test = letter_chi2, df1 = "df")
    attr(.params, "titles") <- list(test = "z")
}
CALLER: 
<quosure>
expr: ^procedure.simpleEffects(self$model, self)
env:  0x0000014916a9f420
ERROR: 
the condition has length > 1 
SOURCE: 
private$.estimateSimpleEffects()
CALLER: 
<quosure>
expr: ^private$.estimator[[fun]]()
env:  0x0000014916aad2d0
ERROR: 
the condition has length > 1 
################## 
 ..b_b_b..XZWZmb3J0 estimate    SE  df lower.CL upper.CL t.ratio p.value
              -5.14     0.27 1.351 895   -2.384     2.92   0.200  0.8430
               0.00     2.29 0.916 895    0.495     4.09   2.500  0.0120
               5.14     4.32 1.311 895    1.745     6.89   3.290  0.0010

Results are averaged over the levels of: ..b_b_b..XZmVtYWxl 
Confidence level used: 0.95 
SOURCE: 
if (.anova$df2 == Inf) {
    attr(.anova, "titles") <- list(test = letter_chi2, df1 = "df")
    attr(.params, "titles") <- list(test = "z")
}
CALLER: 
<quosure>
expr: ^procedure.simpleEffects(self$model, self)
env:  0x00000148f15e7168
ERROR: 
the condition has length > 1 
SOURCE: 
private$.estimateSimpleEffects()
CALLER: 
<quosure>
expr: ^private$.estimator[[fun]]()
env:  0x00000148f15f7568
ERROR: 
the condition has length > 1 
################## 
 ..b_b_b..XZWZmb3J0 estimate    SE  df lower.CL upper.CL t.ratio p.value
              -5.14     0.27 1.351 895   -2.384     2.92   0.200  0.8430
               0.00     2.29 0.916 895    0.495     4.09   2.500  0.0120
               5.14     4.32 1.311 895    1.745     6.89   3.290  0.0010

Results are averaged over the levels of: ..b_b_b..XZmVtYWxl 
Confidence level used: 0.95 
SOURCE: 
if (.anova$df2 == Inf) {
    attr(.anova, "titles") <- list(test = letter_chi2, df1 = "df")
    attr(.params, "titles") <- list(test = "z")
}
CALLER: 
<quosure>
expr: ^procedure.simpleEffects(self$model, self)
env:  0x00000148effb5b18
ERROR: 
the condition has length > 1 
SOURCE: 
private$.estimateSimpleEffects()
CALLER: 
<quosure>
expr: ^private$.estimator[[fun]]()
env:  0x00000148effbb598
ERROR: 
the condition has length > 1 
SOURCE: 
.simpleEffects.default(self$model, self)
CALLER: 
<quosure>
expr: ^procedure.simpleEffects(self$model, self)
env:  0x000001a519149bc8
ERROR: 
 
SOURCE: 
private$.estimateSimpleEffects()
CALLER: 
<quosure>
expr: ^private$.estimator[[fun]]()
env:  0x000001a519159238
ERROR: 
 
SOURCE: 
.simpleEffects.default(self$model, self)
CALLER: 
<quosure>
expr: ^procedure.simpleEffects(self$model, self)
env:  0x000001a5181dde30
ERROR: 
 
SOURCE: 
private$.estimateSimpleEffects()
CALLER: 
<quosure>
expr: ^private$.estimator[[fun]]()
env:  0x000001a5181f7e20
ERROR: 
 
SOURCE: 
if (.anova$df2 == Inf) {
    attr(.anova, "titles") <- list(test = letter_chi2, df1 = "df")
    attr(.params, "titles") <- list(test = "z")
}
CALLER: 
<quosure>
expr: ^procedure.simpleEffects(self$model, self)
env:  0x0000028c92c0cd10
ERROR: 
the condition has length > 1 
$error
[1] "the condition has length > 1"

$warning
[1] FALSE

$message
[1] FALSE

SOURCE: 
private$.estimateSimpleEffects()
CALLER: 
<quosure>
expr: ^private$.estimator[[fun]]()
env:  0x0000028c92c10208
ERROR: 
the condition has length > 1 
SOURCE: 
if (.anova$df2 == Inf) {
    attr(.anova, "titles") <- list(test = letter_chi2, df1 = "df")
    attr(.params, "titles") <- list(test = "z")
}
CALLER: 
<quosure>
expr: ^procedure.simpleEffects(self$model, self)
env:  0x0000028c91598c68
ERROR: 
the condition has length > 1 
$error
[1] "the condition has length > 1"

$warning
[1] FALSE

$message
[1] FALSE

SOURCE: 
private$.estimateSimpleEffects()
CALLER: 
<quosure>
expr: ^private$.estimator[[fun]]()
env:  0x0000028c915aac18
ERROR: 
the condition has length > 1 
SOURCE: 
if (.anova$df2 == Inf) {
    attr(.anova, "titles") <- list(test = letter_chi2, df1 = "df")
    attr(.params, "titles") <- list(test = "z")
}
CALLER: 
<quosure>
expr: ^procedure.simpleEffects(self$model, self)
env:  0x000002d113724ad0
ERROR: 
the condition has length > 1 
$error
[1] "the condition has length > 1"

$warning
[1] FALSE

$message
[1] FALSE

SOURCE: 
private$.estimateSimpleEffects()
CALLER: 
<quosure>
expr: ^private$.estimator[[fun]]()
env:  0x000002d11371bf80
ERROR: 
the condition has length > 1 
SOURCE: 
if (.anova$df2 == Inf) {
    attr(.anova, "titles") <- list(test = letter_chi2, df1 = "df")
    attr(.params, "titles") <- list(test = "z")
}
CALLER: 
<quosure>
expr: ^procedure.simpleEffects(self$model, self)
env:  0x000002d1121366c8
ERROR: 
the condition has length > 1 
$error
[1] "the condition has length > 1"

$warning
[1] FALSE

$message
[1] FALSE

SOURCE: 
private$.estimateSimpleEffects()
CALLER: 
<quosure>
expr: ^private$.estimator[[fun]]()
env:  0x000002d1121305b8
ERROR: 
the condition has length > 1 
SOURCE: 
if (.anova$df2 == Inf) {
    attr(.anova, "titles") <- list(test = letter_chi2, df1 = "df")
    attr(.params, "titles") <- list(test = "z")
}
CALLER: 
<quosure>
expr: ^procedure.simpleEffects(self$model, self)
env:  0x00000209936c4488
ERROR: 
the condition has length > 1 
$error
[1] "the condition has length > 1"

$warning
[1] FALSE

$message
[1] FALSE

SOURCE: 
private$.estimateSimpleEffects()
CALLER: 
<quosure>
expr: ^private$.estimator[[fun]]()
env:  0x00000209936cf780
ERROR: 
the condition has length > 1 
SOURCE: 
if (.anova$df2 == Inf) {
    attr(.anova, "titles") <- list(test = letter_chi2, df1 = "df")
    attr(.params, "titles") <- list(test = "z")
}
CALLER: 
<quosure>
expr: ^procedure.simpleEffects(self$model, self)
env:  0x0000020991e66be8
ERROR: 
the condition has length > 1 
$error
[1] "the condition has length > 1"

$warning
[1] FALSE

$message
[1] FALSE

SOURCE: 
private$.estimateSimpleEffects()
CALLER: 
<quosure>
expr: ^private$.estimator[[fun]]()
env:  0x0000020991e6ab28
ERROR: 
the condition has length > 1 
here 
SOURCE: 
if (.anova$df2 == Inf) {
    attr(.anova, "titles") <- list(test = letter_chi2, df1 = "df")
    attr(.params, "titles") <- list(test = "z")
}
CALLER: 
<quosure>
expr: ^procedure.simpleEffects(self$model, self)
env:  0x0000026b98b01b60
ERROR: 
the condition has length > 1 
$error
[1] "the condition has length > 1"

$warning
[1] FALSE

$message
[1] FALSE

SOURCE: 
private$.estimateSimpleEffects()
CALLER: 
<quosure>
expr: ^private$.estimator[[fun]]()
env:  0x0000026b98b09190
ERROR: 
the condition has length > 1 
here 
SOURCE: 
if (.anova$df2 == Inf) {
    attr(.anova, "titles") <- list(test = letter_chi2, df1 = "df")
    attr(.params, "titles") <- list(test = "z")
}
CALLER: 
<quosure>
expr: ^procedure.simpleEffects(self$model, self)
env:  0x0000026b972459a0
ERROR: 
the condition has length > 1 
$error
[1] "the condition has length > 1"

$warning
[1] FALSE

$message
[1] FALSE

SOURCE: 
private$.estimateSimpleEffects()
CALLER: 
<quosure>
expr: ^private$.estimator[[fun]]()
env:  0x0000026b97259860
ERROR: 
the condition has length > 1 
SOURCE: 
if (.anova$df2 == Inf) {
    attr(.anova, "titles") <- list(test = letter_chi2, df1 = "df")
    attr(.params, "titles") <- list(test = "z")
}
CALLER: 
<quosure>
expr: ^procedure.simpleEffects(self$model, self)
env:  0x0000023c1c6a2b60
ERROR: 
the condition has length > 1 
SOURCE: 
private$.estimateSimpleEffects()
CALLER: 
<quosure>
expr: ^private$.estimator[[fun]]()
env:  0x0000023c1c6b01c0
ERROR: 
the condition has length > 1 
SOURCE: 
if (.anova$df2 == Inf) {
    attr(.anova, "titles") <- list(test = letter_chi2, df1 = "df")
    attr(.params, "titles") <- list(test = "z")
}
CALLER: 
<quosure>
expr: ^procedure.simpleEffects(self$model, self)
env:  0x0000023c1af8b840
ERROR: 
the condition has length > 1 
SOURCE: 
private$.estimateSimpleEffects()
CALLER: 
<quosure>
expr: ^private$.estimator[[fun]]()
env:  0x0000023c1af955b0
ERROR: 
the condition has length > 1 
